HOSTNAME=gpu-380-16
Traceback (most recent call last):
  File "experiment2.py", line 264, in <module>
    os.mkdir("./solar_net_%s" % (job_id))
FileExistsError: [Errno 17] File exists: './solar_net_1960987'
srun: error: gpu-380-16: task 1: Exited with exit code 1
[epoch: 1] loss: 0.78087 day ahead: 0.77114 week ahead: 0.80274, testset loss: 0.44846 day ahead: 0.60915 week ahead 0.68127
[epoch: 2] loss: 0.36200 day ahead: 0.37020 week ahead: 0.56409, testset loss: 0.24331 day ahead: 0.42604 week ahead 0.96507
[epoch: 3] loss: 0.31698 day ahead: 0.30746 week ahead: 0.52419, testset loss: 0.26170 day ahead: 0.53349 week ahead 0.47156
[epoch: 4] loss: 0.25928 day ahead: 0.27055 week ahead: 0.44926, testset loss: 0.24039 day ahead: 0.40951 week ahead 1.87893
[epoch: 5] loss: 0.22960 day ahead: 0.26002 week ahead: 0.44399, testset loss: 0.23419 day ahead: 0.42704 week ahead 0.88324
[epoch: 6] loss: 0.21484 day ahead: 0.25307 week ahead: 0.41414, testset loss: 0.22586 day ahead: 0.41905 week ahead 0.50119
[epoch: 7] loss: 0.20072 day ahead: 0.23585 week ahead: 0.38413, testset loss: 0.20879 day ahead: 0.38507 week ahead 0.47779
[epoch: 8] loss: 0.18809 day ahead: 0.21663 week ahead: 0.35342, testset loss: 0.19495 day ahead: 0.59407 week ahead 0.50341
[epoch: 9] loss: 0.18342 day ahead: 0.20716 week ahead: 0.34234, testset loss: 0.29943 day ahead: 0.38751 week ahead 0.56616
[epoch: 10] loss: 0.17359 day ahead: 0.19507 week ahead: 0.32489, testset loss: 0.21181 day ahead: 0.37835 week ahead 0.73679
[epoch: 11] loss: 0.16279 day ahead: 0.18928 week ahead: 0.30727, testset loss: 0.22063 day ahead: 0.66002 week ahead 0.50270
[epoch: 12] loss: 0.15697 day ahead: 0.17208 week ahead: 0.25628, testset loss: 0.19850 day ahead: 0.40431 week ahead 0.41530
[epoch: 13] loss: 0.14130 day ahead: 0.17858 week ahead: 0.24969, testset loss: 0.18430 day ahead: 0.39154 week ahead 0.41876
[epoch: 14] loss: 0.13953 day ahead: 0.15715 week ahead: 0.21972, testset loss: 0.20308 day ahead: 0.41014 week ahead 0.49006
[epoch: 15] loss: 0.12227 day ahead: 0.14147 week ahead: 0.19248, testset loss: 0.17503 day ahead: 0.38871 week ahead 0.56790
[epoch: 16] loss: 0.11321 day ahead: 0.13513 week ahead: 0.16948, testset loss: 0.19085 day ahead: 0.51440 week ahead 0.55851
[epoch: 17] loss: 0.11290 day ahead: 0.12167 week ahead: 0.15646, testset loss: 0.16397 day ahead: 0.37166 week ahead 0.45148
[epoch: 18] loss: 0.10128 day ahead: 0.11170 week ahead: 0.13093, testset loss: 0.16274 day ahead: 0.42336 week ahead 0.44876
[epoch: 19] loss: 0.10042 day ahead: 0.11038 week ahead: 0.11967, testset loss: 0.16208 day ahead: 0.47486 week ahead 0.59199
[epoch: 20] loss: 0.08720 day ahead: 0.09483 week ahead: 0.09959, testset loss: 0.16570 day ahead: 0.39463 week ahead 0.50316
[epoch: 21] loss: 0.07925 day ahead: 0.09367 week ahead: 0.08832, testset loss: 0.18141 day ahead: 0.42215 week ahead 0.45853
[epoch: 22] loss: 0.07608 day ahead: 0.08016 week ahead: 0.08025, testset loss: 0.16182 day ahead: 0.40261 week ahead 0.44949
slurmstepd: *** JOB 1960987 ON gpu-380-16 CANCELLED AT 2020-04-22T04:43:47 DUE TO TIME LIMIT ***
srun: Job step aborted: Waiting up to 32 seconds for job step to finish.
slurmstepd: *** STEP 1960987.0 ON gpu-380-16 CANCELLED AT 2020-04-22T04:43:47 DUE TO TIME LIMIT ***
srun: got SIGCONT
srun: forcing job termination
srun: error: gpu-380-16: task 0: Terminated
