Auks API request failed : krb5 cred : unable to read credential cache
HOSTNAME=gpu-380-10
[epoch: 1] loss: 1.03029 day ahead: 0.79820 week ahead: 0.88234, testset loss: 0.37674 day ahead: 1.00664 week ahead 0.79699
[epoch: 2] loss: 0.36697 day ahead: 0.35910 week ahead: 0.59250, testset loss: 0.31645 day ahead: 0.50616 week ahead 4.81603
[epoch: 3] loss: 0.28731 day ahead: 0.30841 week ahead: 0.49806, testset loss: 0.29737 day ahead: 0.75275 week ahead 0.43420
[epoch: 4] loss: 0.24305 day ahead: 0.27497 week ahead: 0.46462, testset loss: 0.23237 day ahead: 0.70145 week ahead 0.58988
[epoch: 5] loss: 0.23544 day ahead: 0.25518 week ahead: 0.42327, testset loss: 0.30716 day ahead: 0.41812 week ahead 0.59324
[epoch: 6] loss: 0.22856 day ahead: 0.23052 week ahead: 0.40107, testset loss: 0.25645 day ahead: 0.40084 week ahead 0.43434
[epoch: 7] loss: 0.22013 day ahead: 0.21329 week ahead: 0.36837, testset loss: 0.26920 day ahead: 0.39652 week ahead 0.40037
[epoch: 8] loss: 0.18950 day ahead: 0.22022 week ahead: 0.35671, testset loss: 0.22605 day ahead: 0.39807 week ahead 0.46050
[epoch: 9] loss: 0.18450 day ahead: 0.19714 week ahead: 0.33959, testset loss: 0.19712 day ahead: 0.38527 week ahead 0.61087
[epoch: 10] loss: 0.16815 day ahead: 0.20028 week ahead: 0.31740, testset loss: 0.18716 day ahead: 0.39939 week ahead 0.52333
[epoch: 11] loss: 0.15455 day ahead: 0.18873 week ahead: 0.28311, testset loss: 0.19124 day ahead: 0.41345 week ahead 0.41291
[epoch: 12] loss: 0.14701 day ahead: 0.16928 week ahead: 0.27452, testset loss: 0.20785 day ahead: 0.40793 week ahead 0.45392
[epoch: 13] loss: 0.14588 day ahead: 0.16641 week ahead: 0.24816, testset loss: 0.17747 day ahead: 0.37928 week ahead 0.46680
[epoch: 14] loss: 0.13240 day ahead: 0.15085 week ahead: 0.21395, testset loss: 0.16586 day ahead: 0.39868 week ahead 0.44324
[epoch: 15] loss: 0.13305 day ahead: 0.15448 week ahead: 0.18871, testset loss: 0.28872 day ahead: 0.39047 week ahead 0.44512
[epoch: 16] loss: 0.12174 day ahead: 0.13265 week ahead: 0.16260, testset loss: 0.18644 day ahead: 0.49978 week ahead 0.53145
slurmstepd: *** JOB 1960959 ON gpu-380-10 CANCELLED AT 2020-04-22T03:23:17 DUE TO TIME LIMIT ***
srun: Job step aborted: Waiting up to 32 seconds for job step to finish.
slurmstepd: *** STEP 1960959.0 ON gpu-380-10 CANCELLED AT 2020-04-22T03:23:17 DUE TO TIME LIMIT ***
srun: got SIGCONT
srun: forcing job termination
srun: error: gpu-380-10: task 0: Terminated
